[2023-05-22 14:16:42] local.INFO: ............. Job Processing:: App\Notifications\Customer\Registered .................  
[2023-05-22 14:16:42] local.INFO: array (
  'payload' => 
  array (
    'uuid' => '5e3f65f3-21b9-4d8e-88bd-f3a6b286ffac',
    'displayName' => 'App\\Notifications\\Customer\\Registered',
    'job' => 'Illuminate\\Queue\\CallQueuedHandler@call',
    'maxTries' => NULL,
    'maxExceptions' => NULL,
    'failOnTimeout' => false,
    'backoff' => NULL,
    'timeout' => NULL,
    'retryUntil' => NULL,
    'data' => 
    array (
      'commandName' => 'Illuminate\\Notifications\\SendQueuedNotifications',
      'command' => 'O:48:"Illuminate\\Notifications\\SendQueuedNotifications":16:{s:11:"notifiables";O:45:"Illuminate\\Contracts\\Database\\ModelIdentifier":4:{s:5:"class";s:15:"App\\Models\\User";s:2:"id";a:1:{i:0;i:1;}s:9:"relations";a:0:{}s:10:"connection";s:5:"mysql";}s:12:"notification";O:37:"App\\Notifications\\Customer\\Registered":12:{s:8:"customer";O:45:"Illuminate\\Contracts\\Database\\ModelIdentifier":4:{s:5:"class";s:19:"App\\Models\\Customer";s:2:"id";i:249;s:9:"relations";a:0:{}s:10:"connection";s:5:"mysql";}s:2:"id";s:36:"67da1be8-b7e1-4116-affe-5c252578fc90";s:6:"locale";N;s:10:"connection";N;s:5:"queue";N;s:15:"chainConnection";N;s:10:"chainQueue";N;s:19:"chainCatchCallbacks";N;s:5:"delay";N;s:11:"afterCommit";N;s:10:"middleware";a:0:{}s:7:"chained";a:0:{}}s:8:"channels";a:1:{i:0;s:4:"mail";}s:5:"tries";N;s:7:"timeout";N;s:17:"shouldBeEncrypted";b:0;s:3:"job";N;s:10:"connection";N;s:5:"queue";N;s:15:"chainConnection";N;s:10:"chainQueue";N;s:19:"chainCatchCallbacks";N;s:5:"delay";N;s:11:"afterCommit";N;s:10:"middleware";a:0:{}s:7:"chained";a:0:{}}',
    ),
  ),
)  
[2023-05-22 14:16:47] local.INFO: ......................... Job Processed Successfully .............................  
[2023-05-22 14:16:47] local.INFO: ............. Job Processing:: App\Notifications\Customer\Registered .................  
[2023-05-22 14:16:47] local.INFO: array (
  'payload' => 
  array (
    'uuid' => 'f29e00bc-777e-4b1d-9331-2c11703ef76d',
    'displayName' => 'App\\Notifications\\Customer\\Registered',
    'job' => 'Illuminate\\Queue\\CallQueuedHandler@call',
    'maxTries' => NULL,
    'maxExceptions' => NULL,
    'failOnTimeout' => false,
    'backoff' => NULL,
    'timeout' => NULL,
    'retryUntil' => NULL,
    'data' => 
    array (
      'commandName' => 'Illuminate\\Notifications\\SendQueuedNotifications',
      'command' => 'O:48:"Illuminate\\Notifications\\SendQueuedNotifications":16:{s:11:"notifiables";O:45:"Illuminate\\Contracts\\Database\\ModelIdentifier":4:{s:5:"class";s:15:"App\\Models\\User";s:2:"id";a:1:{i:0;i:1;}s:9:"relations";a:0:{}s:10:"connection";s:5:"mysql";}s:12:"notification";O:37:"App\\Notifications\\Customer\\Registered":12:{s:8:"customer";O:45:"Illuminate\\Contracts\\Database\\ModelIdentifier":4:{s:5:"class";s:19:"App\\Models\\Customer";s:2:"id";i:249;s:9:"relations";a:0:{}s:10:"connection";s:5:"mysql";}s:2:"id";s:36:"67da1be8-b7e1-4116-affe-5c252578fc90";s:6:"locale";N;s:10:"connection";N;s:5:"queue";N;s:15:"chainConnection";N;s:10:"chainQueue";N;s:19:"chainCatchCallbacks";N;s:5:"delay";N;s:11:"afterCommit";N;s:10:"middleware";a:0:{}s:7:"chained";a:0:{}}s:8:"channels";a:1:{i:0;s:8:"database";}s:5:"tries";N;s:7:"timeout";N;s:17:"shouldBeEncrypted";b:0;s:3:"job";N;s:10:"connection";N;s:5:"queue";N;s:15:"chainConnection";N;s:10:"chainQueue";N;s:19:"chainCatchCallbacks";N;s:5:"delay";N;s:11:"afterCommit";N;s:10:"middleware";a:0:{}s:7:"chained";a:0:{}}',
    ),
  ),
)  
[2023-05-22 14:16:48] local.INFO: ......................... Job Processed Successfully .............................  
[2023-05-22 14:16:48] local.INFO: ............. Job Processing:: App\Notifications\Customer\Registered .................  
[2023-05-22 14:16:48] local.INFO: array (
  'payload' => 
  array (
    'uuid' => 'c19f99a8-ec2d-40fe-bb33-0fb275c2fe72',
    'displayName' => 'App\\Notifications\\Customer\\Registered',
    'job' => 'Illuminate\\Queue\\CallQueuedHandler@call',
    'maxTries' => NULL,
    'maxExceptions' => NULL,
    'failOnTimeout' => false,
    'backoff' => NULL,
    'timeout' => NULL,
    'retryUntil' => NULL,
    'data' => 
    array (
      'commandName' => 'Illuminate\\Notifications\\SendQueuedNotifications',
      'command' => 'O:48:"Illuminate\\Notifications\\SendQueuedNotifications":16:{s:11:"notifiables";O:45:"Illuminate\\Contracts\\Database\\ModelIdentifier":4:{s:5:"class";s:15:"App\\Models\\User";s:2:"id";a:1:{i:0;i:2;}s:9:"relations";a:0:{}s:10:"connection";s:5:"mysql";}s:12:"notification";O:37:"App\\Notifications\\Customer\\Registered":12:{s:8:"customer";O:45:"Illuminate\\Contracts\\Database\\ModelIdentifier":4:{s:5:"class";s:19:"App\\Models\\Customer";s:2:"id";i:249;s:9:"relations";a:0:{}s:10:"connection";s:5:"mysql";}s:2:"id";s:36:"e36c19d8-c498-4bba-b8f3-77c700c19bb0";s:6:"locale";N;s:10:"connection";N;s:5:"queue";N;s:15:"chainConnection";N;s:10:"chainQueue";N;s:19:"chainCatchCallbacks";N;s:5:"delay";N;s:11:"afterCommit";N;s:10:"middleware";a:0:{}s:7:"chained";a:0:{}}s:8:"channels";a:1:{i:0;s:4:"mail";}s:5:"tries";N;s:7:"timeout";N;s:17:"shouldBeEncrypted";b:0;s:3:"job";N;s:10:"connection";N;s:5:"queue";N;s:15:"chainConnection";N;s:10:"chainQueue";N;s:19:"chainCatchCallbacks";N;s:5:"delay";N;s:11:"afterCommit";N;s:10:"middleware";a:0:{}s:7:"chained";a:0:{}}',
    ),
  ),
)  
[2023-05-22 14:16:48] local.INFO: ......................... Job Processed Successfully .............................  
[2023-05-22 14:16:48] local.INFO: ............. Job Processing:: App\Notifications\Customer\Registered .................  
[2023-05-22 14:16:48] local.INFO: array (
  'payload' => 
  array (
    'uuid' => '2d2c4da1-ed42-4799-8354-7aa877da8953',
    'displayName' => 'App\\Notifications\\Customer\\Registered',
    'job' => 'Illuminate\\Queue\\CallQueuedHandler@call',
    'maxTries' => NULL,
    'maxExceptions' => NULL,
    'failOnTimeout' => false,
    'backoff' => NULL,
    'timeout' => NULL,
    'retryUntil' => NULL,
    'data' => 
    array (
      'commandName' => 'Illuminate\\Notifications\\SendQueuedNotifications',
      'command' => 'O:48:"Illuminate\\Notifications\\SendQueuedNotifications":16:{s:11:"notifiables";O:45:"Illuminate\\Contracts\\Database\\ModelIdentifier":4:{s:5:"class";s:15:"App\\Models\\User";s:2:"id";a:1:{i:0;i:2;}s:9:"relations";a:0:{}s:10:"connection";s:5:"mysql";}s:12:"notification";O:37:"App\\Notifications\\Customer\\Registered":12:{s:8:"customer";O:45:"Illuminate\\Contracts\\Database\\ModelIdentifier":4:{s:5:"class";s:19:"App\\Models\\Customer";s:2:"id";i:249;s:9:"relations";a:0:{}s:10:"connection";s:5:"mysql";}s:2:"id";s:36:"e36c19d8-c498-4bba-b8f3-77c700c19bb0";s:6:"locale";N;s:10:"connection";N;s:5:"queue";N;s:15:"chainConnection";N;s:10:"chainQueue";N;s:19:"chainCatchCallbacks";N;s:5:"delay";N;s:11:"afterCommit";N;s:10:"middleware";a:0:{}s:7:"chained";a:0:{}}s:8:"channels";a:1:{i:0;s:8:"database";}s:5:"tries";N;s:7:"timeout";N;s:17:"shouldBeEncrypted";b:0;s:3:"job";N;s:10:"connection";N;s:5:"queue";N;s:15:"chainConnection";N;s:10:"chainQueue";N;s:19:"chainCatchCallbacks";N;s:5:"delay";N;s:11:"afterCommit";N;s:10:"middleware";a:0:{}s:7:"chained";a:0:{}}',
    ),
  ),
)  
[2023-05-22 14:16:48] local.INFO: ......................... Job Processed Successfully .............................  
[2023-05-22 14:16:48] local.INFO: ............. Job Processing:: App\Notifications\Customer\Registered .................  
[2023-05-22 14:16:48] local.INFO: array (
  'payload' => 
  array (
    'uuid' => 'a94fb302-a2da-42b7-9f43-286133165ca9',
    'displayName' => 'App\\Notifications\\Customer\\Registered',
    'job' => 'Illuminate\\Queue\\CallQueuedHandler@call',
    'maxTries' => NULL,
    'maxExceptions' => NULL,
    'failOnTimeout' => false,
    'backoff' => NULL,
    'timeout' => NULL,
    'retryUntil' => NULL,
    'data' => 
    array (
      'commandName' => 'Illuminate\\Notifications\\SendQueuedNotifications',
      'command' => 'O:48:"Illuminate\\Notifications\\SendQueuedNotifications":16:{s:11:"notifiables";O:45:"Illuminate\\Contracts\\Database\\ModelIdentifier":4:{s:5:"class";s:15:"App\\Models\\User";s:2:"id";a:1:{i:0;i:3;}s:9:"relations";a:0:{}s:10:"connection";s:5:"mysql";}s:12:"notification";O:37:"App\\Notifications\\Customer\\Registered":12:{s:8:"customer";O:45:"Illuminate\\Contracts\\Database\\ModelIdentifier":4:{s:5:"class";s:19:"App\\Models\\Customer";s:2:"id";i:249;s:9:"relations";a:0:{}s:10:"connection";s:5:"mysql";}s:2:"id";s:36:"914a404e-cbaf-4404-a5f4-38849708950b";s:6:"locale";N;s:10:"connection";N;s:5:"queue";N;s:15:"chainConnection";N;s:10:"chainQueue";N;s:19:"chainCatchCallbacks";N;s:5:"delay";N;s:11:"afterCommit";N;s:10:"middleware";a:0:{}s:7:"chained";a:0:{}}s:8:"channels";a:1:{i:0;s:4:"mail";}s:5:"tries";N;s:7:"timeout";N;s:17:"shouldBeEncrypted";b:0;s:3:"job";N;s:10:"connection";N;s:5:"queue";N;s:15:"chainConnection";N;s:10:"chainQueue";N;s:19:"chainCatchCallbacks";N;s:5:"delay";N;s:11:"afterCommit";N;s:10:"middleware";a:0:{}s:7:"chained";a:0:{}}',
    ),
  ),
)  
[2023-05-22 14:16:48] local.INFO: ......................... Job Processed Successfully .............................  
[2023-05-22 14:16:48] local.INFO: ............. Job Processing:: App\Notifications\Customer\Registered .................  
[2023-05-22 14:16:48] local.INFO: array (
  'payload' => 
  array (
    'uuid' => 'cb7d14de-8f14-470a-8139-bb4122d6933f',
    'displayName' => 'App\\Notifications\\Customer\\Registered',
    'job' => 'Illuminate\\Queue\\CallQueuedHandler@call',
    'maxTries' => NULL,
    'maxExceptions' => NULL,
    'failOnTimeout' => false,
    'backoff' => NULL,
    'timeout' => NULL,
    'retryUntil' => NULL,
    'data' => 
    array (
      'commandName' => 'Illuminate\\Notifications\\SendQueuedNotifications',
      'command' => 'O:48:"Illuminate\\Notifications\\SendQueuedNotifications":16:{s:11:"notifiables";O:45:"Illuminate\\Contracts\\Database\\ModelIdentifier":4:{s:5:"class";s:15:"App\\Models\\User";s:2:"id";a:1:{i:0;i:3;}s:9:"relations";a:0:{}s:10:"connection";s:5:"mysql";}s:12:"notification";O:37:"App\\Notifications\\Customer\\Registered":12:{s:8:"customer";O:45:"Illuminate\\Contracts\\Database\\ModelIdentifier":4:{s:5:"class";s:19:"App\\Models\\Customer";s:2:"id";i:249;s:9:"relations";a:0:{}s:10:"connection";s:5:"mysql";}s:2:"id";s:36:"914a404e-cbaf-4404-a5f4-38849708950b";s:6:"locale";N;s:10:"connection";N;s:5:"queue";N;s:15:"chainConnection";N;s:10:"chainQueue";N;s:19:"chainCatchCallbacks";N;s:5:"delay";N;s:11:"afterCommit";N;s:10:"middleware";a:0:{}s:7:"chained";a:0:{}}s:8:"channels";a:1:{i:0;s:8:"database";}s:5:"tries";N;s:7:"timeout";N;s:17:"shouldBeEncrypted";b:0;s:3:"job";N;s:10:"connection";N;s:5:"queue";N;s:15:"chainConnection";N;s:10:"chainQueue";N;s:19:"chainCatchCallbacks";N;s:5:"delay";N;s:11:"afterCommit";N;s:10:"middleware";a:0:{}s:7:"chained";a:0:{}}',
    ),
  ),
)  
[2023-05-22 14:16:48] local.INFO: ......................... Job Processed Successfully .............................  
[2023-05-22 14:16:48] local.INFO: ............. Job Processing:: App\Notifications\Customer\Registered .................  
[2023-05-22 14:16:48] local.INFO: array (
  'payload' => 
  array (
    'uuid' => 'a08bd32f-09c4-4431-864c-3710b4e09f00',
    'displayName' => 'App\\Notifications\\Customer\\Registered',
    'job' => 'Illuminate\\Queue\\CallQueuedHandler@call',
    'maxTries' => NULL,
    'maxExceptions' => NULL,
    'failOnTimeout' => false,
    'backoff' => NULL,
    'timeout' => NULL,
    'retryUntil' => NULL,
    'data' => 
    array (
      'commandName' => 'Illuminate\\Notifications\\SendQueuedNotifications',
      'command' => 'O:48:"Illuminate\\Notifications\\SendQueuedNotifications":16:{s:11:"notifiables";O:45:"Illuminate\\Contracts\\Database\\ModelIdentifier":4:{s:5:"class";s:15:"App\\Models\\User";s:2:"id";a:1:{i:0;i:4;}s:9:"relations";a:0:{}s:10:"connection";s:5:"mysql";}s:12:"notification";O:37:"App\\Notifications\\Customer\\Registered":12:{s:8:"customer";O:45:"Illuminate\\Contracts\\Database\\ModelIdentifier":4:{s:5:"class";s:19:"App\\Models\\Customer";s:2:"id";i:249;s:9:"relations";a:0:{}s:10:"connection";s:5:"mysql";}s:2:"id";s:36:"e2f55223-9961-4e14-b953-aefd4a75e9da";s:6:"locale";N;s:10:"connection";N;s:5:"queue";N;s:15:"chainConnection";N;s:10:"chainQueue";N;s:19:"chainCatchCallbacks";N;s:5:"delay";N;s:11:"afterCommit";N;s:10:"middleware";a:0:{}s:7:"chained";a:0:{}}s:8:"channels";a:1:{i:0;s:4:"mail";}s:5:"tries";N;s:7:"timeout";N;s:17:"shouldBeEncrypted";b:0;s:3:"job";N;s:10:"connection";N;s:5:"queue";N;s:15:"chainConnection";N;s:10:"chainQueue";N;s:19:"chainCatchCallbacks";N;s:5:"delay";N;s:11:"afterCommit";N;s:10:"middleware";a:0:{}s:7:"chained";a:0:{}}',
    ),
  ),
)  
[2023-05-22 14:16:48] local.INFO: ......................... Job Processed Successfully .............................  
[2023-05-22 14:16:48] local.INFO: ............. Job Processing:: App\Notifications\Customer\Registered .................  
[2023-05-22 14:16:48] local.INFO: array (
  'payload' => 
  array (
    'uuid' => '863ffff4-d8bf-4638-a1c0-28c7ed2ebd0d',
    'displayName' => 'App\\Notifications\\Customer\\Registered',
    'job' => 'Illuminate\\Queue\\CallQueuedHandler@call',
    'maxTries' => NULL,
    'maxExceptions' => NULL,
    'failOnTimeout' => false,
    'backoff' => NULL,
    'timeout' => NULL,
    'retryUntil' => NULL,
    'data' => 
    array (
      'commandName' => 'Illuminate\\Notifications\\SendQueuedNotifications',
      'command' => 'O:48:"Illuminate\\Notifications\\SendQueuedNotifications":16:{s:11:"notifiables";O:45:"Illuminate\\Contracts\\Database\\ModelIdentifier":4:{s:5:"class";s:15:"App\\Models\\User";s:2:"id";a:1:{i:0;i:4;}s:9:"relations";a:0:{}s:10:"connection";s:5:"mysql";}s:12:"notification";O:37:"App\\Notifications\\Customer\\Registered":12:{s:8:"customer";O:45:"Illuminate\\Contracts\\Database\\ModelIdentifier":4:{s:5:"class";s:19:"App\\Models\\Customer";s:2:"id";i:249;s:9:"relations";a:0:{}s:10:"connection";s:5:"mysql";}s:2:"id";s:36:"e2f55223-9961-4e14-b953-aefd4a75e9da";s:6:"locale";N;s:10:"connection";N;s:5:"queue";N;s:15:"chainConnection";N;s:10:"chainQueue";N;s:19:"chainCatchCallbacks";N;s:5:"delay";N;s:11:"afterCommit";N;s:10:"middleware";a:0:{}s:7:"chained";a:0:{}}s:8:"channels";a:1:{i:0;s:8:"database";}s:5:"tries";N;s:7:"timeout";N;s:17:"shouldBeEncrypted";b:0;s:3:"job";N;s:10:"connection";N;s:5:"queue";N;s:15:"chainConnection";N;s:10:"chainQueue";N;s:19:"chainCatchCallbacks";N;s:5:"delay";N;s:11:"afterCommit";N;s:10:"middleware";a:0:{}s:7:"chained";a:0:{}}',
    ),
  ),
)  
[2023-05-22 14:16:48] local.INFO: ......................... Job Processed Successfully .............................  
[2023-05-22 14:16:48] local.INFO: ............. Job Processing:: App\Notifications\Customer\Registered .................  
[2023-05-22 14:16:48] local.INFO: array (
  'payload' => 
  array (
    'uuid' => '16d891e2-1158-43ec-bc47-3a8f334a5170',
    'displayName' => 'App\\Notifications\\Customer\\Registered',
    'job' => 'Illuminate\\Queue\\CallQueuedHandler@call',
    'maxTries' => NULL,
    'maxExceptions' => NULL,
    'failOnTimeout' => false,
    'backoff' => NULL,
    'timeout' => NULL,
    'retryUntil' => NULL,
    'data' => 
    array (
      'commandName' => 'Illuminate\\Notifications\\SendQueuedNotifications',
      'command' => 'O:48:"Illuminate\\Notifications\\SendQueuedNotifications":16:{s:11:"notifiables";O:45:"Illuminate\\Contracts\\Database\\ModelIdentifier":4:{s:5:"class";s:15:"App\\Models\\User";s:2:"id";a:1:{i:0;i:10;}s:9:"relations";a:0:{}s:10:"connection";s:5:"mysql";}s:12:"notification";O:37:"App\\Notifications\\Customer\\Registered":12:{s:8:"customer";O:45:"Illuminate\\Contracts\\Database\\ModelIdentifier":4:{s:5:"class";s:19:"App\\Models\\Customer";s:2:"id";i:249;s:9:"relations";a:0:{}s:10:"connection";s:5:"mysql";}s:2:"id";s:36:"b029ca76-2ba8-471c-aea0-1a134b142040";s:6:"locale";N;s:10:"connection";N;s:5:"queue";N;s:15:"chainConnection";N;s:10:"chainQueue";N;s:19:"chainCatchCallbacks";N;s:5:"delay";N;s:11:"afterCommit";N;s:10:"middleware";a:0:{}s:7:"chained";a:0:{}}s:8:"channels";a:1:{i:0;s:4:"mail";}s:5:"tries";N;s:7:"timeout";N;s:17:"shouldBeEncrypted";b:0;s:3:"job";N;s:10:"connection";N;s:5:"queue";N;s:15:"chainConnection";N;s:10:"chainQueue";N;s:19:"chainCatchCallbacks";N;s:5:"delay";N;s:11:"afterCommit";N;s:10:"middleware";a:0:{}s:7:"chained";a:0:{}}',
    ),
  ),
)  
[2023-05-22 14:16:48] local.INFO: ......................... Job Processed Successfully .............................  
[2023-05-22 14:16:48] local.INFO: ............. Job Processing:: App\Notifications\Customer\Registered .................  
[2023-05-22 14:16:48] local.INFO: array (
  'payload' => 
  array (
    'uuid' => '6eed3c64-293a-448d-88d6-36af7b1cbebd',
    'displayName' => 'App\\Notifications\\Customer\\Registered',
    'job' => 'Illuminate\\Queue\\CallQueuedHandler@call',
    'maxTries' => NULL,
    'maxExceptions' => NULL,
    'failOnTimeout' => false,
    'backoff' => NULL,
    'timeout' => NULL,
    'retryUntil' => NULL,
    'data' => 
    array (
      'commandName' => 'Illuminate\\Notifications\\SendQueuedNotifications',
      'command' => 'O:48:"Illuminate\\Notifications\\SendQueuedNotifications":16:{s:11:"notifiables";O:45:"Illuminate\\Contracts\\Database\\ModelIdentifier":4:{s:5:"class";s:15:"App\\Models\\User";s:2:"id";a:1:{i:0;i:10;}s:9:"relations";a:0:{}s:10:"connection";s:5:"mysql";}s:12:"notification";O:37:"App\\Notifications\\Customer\\Registered":12:{s:8:"customer";O:45:"Illuminate\\Contracts\\Database\\ModelIdentifier":4:{s:5:"class";s:19:"App\\Models\\Customer";s:2:"id";i:249;s:9:"relations";a:0:{}s:10:"connection";s:5:"mysql";}s:2:"id";s:36:"b029ca76-2ba8-471c-aea0-1a134b142040";s:6:"locale";N;s:10:"connection";N;s:5:"queue";N;s:15:"chainConnection";N;s:10:"chainQueue";N;s:19:"chainCatchCallbacks";N;s:5:"delay";N;s:11:"afterCommit";N;s:10:"middleware";a:0:{}s:7:"chained";a:0:{}}s:8:"channels";a:1:{i:0;s:8:"database";}s:5:"tries";N;s:7:"timeout";N;s:17:"shouldBeEncrypted";b:0;s:3:"job";N;s:10:"connection";N;s:5:"queue";N;s:15:"chainConnection";N;s:10:"chainQueue";N;s:19:"chainCatchCallbacks";N;s:5:"delay";N;s:11:"afterCommit";N;s:10:"middleware";a:0:{}s:7:"chained";a:0:{}}',
    ),
  ),
)  
[2023-05-22 14:16:48] local.INFO: ......................... Job Processed Successfully .............................  
[2023-05-22 14:16:48] local.INFO: ............. Job Processing:: App\Notifications\Customer\Registered .................  
[2023-05-22 14:16:48] local.INFO: array (
  'payload' => 
  array (
    'uuid' => 'a6c9020e-2e83-428b-9f60-039969fa3bc1',
    'displayName' => 'App\\Notifications\\Customer\\Registered',
    'job' => 'Illuminate\\Queue\\CallQueuedHandler@call',
    'maxTries' => NULL,
    'maxExceptions' => NULL,
    'failOnTimeout' => false,
    'backoff' => NULL,
    'timeout' => NULL,
    'retryUntil' => NULL,
    'data' => 
    array (
      'commandName' => 'Illuminate\\Notifications\\SendQueuedNotifications',
      'command' => 'O:48:"Illuminate\\Notifications\\SendQueuedNotifications":16:{s:11:"notifiables";O:45:"Illuminate\\Contracts\\Database\\ModelIdentifier":4:{s:5:"class";s:15:"App\\Models\\User";s:2:"id";a:1:{i:0;i:11;}s:9:"relations";a:0:{}s:10:"connection";s:5:"mysql";}s:12:"notification";O:37:"App\\Notifications\\Customer\\Registered":12:{s:8:"customer";O:45:"Illuminate\\Contracts\\Database\\ModelIdentifier":4:{s:5:"class";s:19:"App\\Models\\Customer";s:2:"id";i:249;s:9:"relations";a:0:{}s:10:"connection";s:5:"mysql";}s:2:"id";s:36:"7246345f-6cb0-43e1-a151-6204a3801fdc";s:6:"locale";N;s:10:"connection";N;s:5:"queue";N;s:15:"chainConnection";N;s:10:"chainQueue";N;s:19:"chainCatchCallbacks";N;s:5:"delay";N;s:11:"afterCommit";N;s:10:"middleware";a:0:{}s:7:"chained";a:0:{}}s:8:"channels";a:1:{i:0;s:4:"mail";}s:5:"tries";N;s:7:"timeout";N;s:17:"shouldBeEncrypted";b:0;s:3:"job";N;s:10:"connection";N;s:5:"queue";N;s:15:"chainConnection";N;s:10:"chainQueue";N;s:19:"chainCatchCallbacks";N;s:5:"delay";N;s:11:"afterCommit";N;s:10:"middleware";a:0:{}s:7:"chained";a:0:{}}',
    ),
  ),
)  
[2023-05-22 14:16:48] local.INFO: ......................... Job Processed Successfully .............................  
[2023-05-22 14:16:48] local.INFO: ............. Job Processing:: App\Notifications\Customer\Registered .................  
[2023-05-22 14:16:48] local.INFO: array (
  'payload' => 
  array (
    'uuid' => '84145e9b-8d9a-4cda-9924-84fd29dafd9e',
    'displayName' => 'App\\Notifications\\Customer\\Registered',
    'job' => 'Illuminate\\Queue\\CallQueuedHandler@call',
    'maxTries' => NULL,
    'maxExceptions' => NULL,
    'failOnTimeout' => false,
    'backoff' => NULL,
    'timeout' => NULL,
    'retryUntil' => NULL,
    'data' => 
    array (
      'commandName' => 'Illuminate\\Notifications\\SendQueuedNotifications',
      'command' => 'O:48:"Illuminate\\Notifications\\SendQueuedNotifications":16:{s:11:"notifiables";O:45:"Illuminate\\Contracts\\Database\\ModelIdentifier":4:{s:5:"class";s:15:"App\\Models\\User";s:2:"id";a:1:{i:0;i:11;}s:9:"relations";a:0:{}s:10:"connection";s:5:"mysql";}s:12:"notification";O:37:"App\\Notifications\\Customer\\Registered":12:{s:8:"customer";O:45:"Illuminate\\Contracts\\Database\\ModelIdentifier":4:{s:5:"class";s:19:"App\\Models\\Customer";s:2:"id";i:249;s:9:"relations";a:0:{}s:10:"connection";s:5:"mysql";}s:2:"id";s:36:"7246345f-6cb0-43e1-a151-6204a3801fdc";s:6:"locale";N;s:10:"connection";N;s:5:"queue";N;s:15:"chainConnection";N;s:10:"chainQueue";N;s:19:"chainCatchCallbacks";N;s:5:"delay";N;s:11:"afterCommit";N;s:10:"middleware";a:0:{}s:7:"chained";a:0:{}}s:8:"channels";a:1:{i:0;s:8:"database";}s:5:"tries";N;s:7:"timeout";N;s:17:"shouldBeEncrypted";b:0;s:3:"job";N;s:10:"connection";N;s:5:"queue";N;s:15:"chainConnection";N;s:10:"chainQueue";N;s:19:"chainCatchCallbacks";N;s:5:"delay";N;s:11:"afterCommit";N;s:10:"middleware";a:0:{}s:7:"chained";a:0:{}}',
    ),
  ),
)  
[2023-05-22 14:16:48] local.INFO: ......................... Job Processed Successfully .............................  
[2023-05-22 14:16:48] local.INFO: ............. Job Processing:: App\Listeners\Customer\SendWelcomeEmail .................  
[2023-05-22 14:16:48] local.INFO: array (
  'payload' => 
  array (
    'uuid' => 'bc0572ce-3d9e-4577-8605-4802e4c0034a',
    'displayName' => 'App\\Listeners\\Customer\\SendWelcomeEmail',
    'job' => 'Illuminate\\Queue\\CallQueuedHandler@call',
    'maxTries' => 5,
    'maxExceptions' => NULL,
    'failOnTimeout' => false,
    'backoff' => NULL,
    'timeout' => NULL,
    'retryUntil' => NULL,
    'data' => 
    array (
      'commandName' => 'Illuminate\\Events\\CallQueuedListener',
      'command' => 'O:36:"Illuminate\\Events\\CallQueuedListener":19:{s:5:"class";s:39:"App\\Listeners\\Customer\\SendWelcomeEmail";s:6:"method";s:6:"handle";s:4:"data";a:1:{i:0;O:30:"App\\Events\\Customer\\Registered":1:{s:8:"customer";O:45:"Illuminate\\Contracts\\Database\\ModelIdentifier":4:{s:5:"class";s:19:"App\\Models\\Customer";s:2:"id";i:249;s:9:"relations";a:0:{}s:10:"connection";s:5:"mysql";}}}s:5:"tries";i:5;s:13:"maxExceptions";N;s:7:"backoff";N;s:10:"retryUntil";N;s:7:"timeout";N;s:17:"shouldBeEncrypted";b:0;s:3:"job";N;s:10:"connection";N;s:5:"queue";N;s:15:"chainConnection";N;s:10:"chainQueue";N;s:19:"chainCatchCallbacks";N;s:5:"delay";N;s:11:"afterCommit";N;s:10:"middleware";a:0:{}s:7:"chained";a:0:{}}',
    ),
  ),
)  
[2023-05-22 14:16:48] local.INFO: ............. Job Processing:: App\Notifications\Customer\Registered .................  
[2023-05-22 14:16:48] local.INFO: array (
  'payload' => 
  array (
    'uuid' => 'ed75ef66-db95-41c3-a1aa-77ed96de8b9b',
    'displayName' => 'App\\Notifications\\Customer\\Registered',
    'job' => 'Illuminate\\Queue\\CallQueuedHandler@call',
    'maxTries' => NULL,
    'maxExceptions' => NULL,
    'failOnTimeout' => false,
    'backoff' => NULL,
    'timeout' => NULL,
    'retryUntil' => NULL,
    'data' => 
    array (
      'commandName' => 'Illuminate\\Notifications\\SendQueuedNotifications',
      'command' => 'O:48:"Illuminate\\Notifications\\SendQueuedNotifications":16:{s:11:"notifiables";O:45:"Illuminate\\Contracts\\Database\\ModelIdentifier":4:{s:5:"class";s:19:"App\\Models\\Customer";s:2:"id";a:1:{i:0;i:249;}s:9:"relations";a:0:{}s:10:"connection";s:5:"mysql";}s:12:"notification";O:37:"App\\Notifications\\Customer\\Registered":12:{s:8:"customer";O:45:"Illuminate\\Contracts\\Database\\ModelIdentifier":4:{s:5:"class";s:19:"App\\Models\\Customer";s:2:"id";i:249;s:9:"relations";a:0:{}s:10:"connection";s:5:"mysql";}s:2:"id";s:36:"d2cab463-feb8-4fee-b515-92c715f1ea82";s:6:"locale";N;s:10:"connection";N;s:5:"queue";N;s:15:"chainConnection";N;s:10:"chainQueue";N;s:19:"chainCatchCallbacks";N;s:5:"delay";N;s:11:"afterCommit";N;s:10:"middleware";a:0:{}s:7:"chained";a:0:{}}s:8:"channels";a:1:{i:0;s:4:"mail";}s:5:"tries";N;s:7:"timeout";N;s:17:"shouldBeEncrypted";b:0;s:3:"job";N;s:10:"connection";N;s:5:"queue";N;s:15:"chainConnection";N;s:10:"chainQueue";N;s:19:"chainCatchCallbacks";N;s:5:"delay";N;s:11:"afterCommit";N;s:10:"middleware";a:0:{}s:7:"chained";a:0:{}}',
    ),
  ),
)  
[2023-05-22 14:16:48] local.INFO: ......................... Job Processed Successfully .............................  
[2023-05-22 14:16:48] local.INFO: ............. Job Processing:: App\Notifications\Customer\Registered .................  
[2023-05-22 14:16:48] local.INFO: array (
  'payload' => 
  array (
    'uuid' => '1d654df2-5fc5-483c-8cee-f358a3c226ff',
    'displayName' => 'App\\Notifications\\Customer\\Registered',
    'job' => 'Illuminate\\Queue\\CallQueuedHandler@call',
    'maxTries' => NULL,
    'maxExceptions' => NULL,
    'failOnTimeout' => false,
    'backoff' => NULL,
    'timeout' => NULL,
    'retryUntil' => NULL,
    'data' => 
    array (
      'commandName' => 'Illuminate\\Notifications\\SendQueuedNotifications',
      'command' => 'O:48:"Illuminate\\Notifications\\SendQueuedNotifications":16:{s:11:"notifiables";O:45:"Illuminate\\Contracts\\Database\\ModelIdentifier":4:{s:5:"class";s:19:"App\\Models\\Customer";s:2:"id";a:1:{i:0;i:249;}s:9:"relations";a:0:{}s:10:"connection";s:5:"mysql";}s:12:"notification";O:37:"App\\Notifications\\Customer\\Registered":12:{s:8:"customer";O:45:"Illuminate\\Contracts\\Database\\ModelIdentifier":4:{s:5:"class";s:19:"App\\Models\\Customer";s:2:"id";i:249;s:9:"relations";a:0:{}s:10:"connection";s:5:"mysql";}s:2:"id";s:36:"d2cab463-feb8-4fee-b515-92c715f1ea82";s:6:"locale";N;s:10:"connection";N;s:5:"queue";N;s:15:"chainConnection";N;s:10:"chainQueue";N;s:19:"chainCatchCallbacks";N;s:5:"delay";N;s:11:"afterCommit";N;s:10:"middleware";a:0:{}s:7:"chained";a:0:{}}s:8:"channels";a:1:{i:0;s:8:"database";}s:5:"tries";N;s:7:"timeout";N;s:17:"shouldBeEncrypted";b:0;s:3:"job";N;s:10:"connection";N;s:5:"queue";N;s:15:"chainConnection";N;s:10:"chainQueue";N;s:19:"chainCatchCallbacks";N;s:5:"delay";N;s:11:"afterCommit";N;s:10:"middleware";a:0:{}s:7:"chained";a:0:{}}',
    ),
  ),
)  
[2023-05-22 14:16:48] local.INFO: ......................... Job Processed Successfully .............................  
[2023-05-22 14:16:48] local.INFO: ......................... Job Processed Successfully .............................  
[2023-05-22 14:16:48] local.INFO: ............. Job Processing:: App\Listeners\Customer\RegisterNewsletter .................  
[2023-05-22 14:16:48] local.INFO: array (
  'payload' => 
  array (
    'uuid' => 'ae0873c8-7401-4ad5-ade1-264f50415be6',
    'displayName' => 'App\\Listeners\\Customer\\RegisterNewsletter',
    'job' => 'Illuminate\\Queue\\CallQueuedHandler@call',
    'maxTries' => 5,
    'maxExceptions' => NULL,
    'failOnTimeout' => false,
    'backoff' => NULL,
    'timeout' => NULL,
    'retryUntil' => NULL,
    'data' => 
    array (
      'commandName' => 'Illuminate\\Events\\CallQueuedListener',
      'command' => 'O:36:"Illuminate\\Events\\CallQueuedListener":19:{s:5:"class";s:41:"App\\Listeners\\Customer\\RegisterNewsletter";s:6:"method";s:6:"handle";s:4:"data";a:1:{i:0;O:30:"App\\Events\\Customer\\Registered":1:{s:8:"customer";O:45:"Illuminate\\Contracts\\Database\\ModelIdentifier":4:{s:5:"class";s:19:"App\\Models\\Customer";s:2:"id";i:249;s:9:"relations";a:0:{}s:10:"connection";s:5:"mysql";}}}s:5:"tries";i:5;s:13:"maxExceptions";N;s:7:"backoff";N;s:10:"retryUntil";N;s:7:"timeout";N;s:17:"shouldBeEncrypted";b:0;s:3:"job";N;s:10:"connection";N;s:5:"queue";N;s:15:"chainConnection";N;s:10:"chainQueue";N;s:19:"chainCatchCallbacks";N;s:5:"delay";N;s:11:"afterCommit";N;s:10:"middleware";a:0:{}s:7:"chained";a:0:{}}',
    ),
  ),
)  
[2023-05-22 14:16:48] local.INFO: ......................... Job Processed Successfully .............................  
[2023-05-22 14:18:27] local.INFO: ............. Job Processing:: App\Notifications\Customer\Registered .................  
[2023-05-22 14:18:27] local.INFO: array (
  'payload' => 
  array (
    'uuid' => '7d5be47c-309e-4178-bf52-cfd9049440bb',
    'displayName' => 'App\\Notifications\\Customer\\Registered',
    'job' => 'Illuminate\\Queue\\CallQueuedHandler@call',
    'maxTries' => NULL,
    'maxExceptions' => NULL,
    'failOnTimeout' => false,
    'backoff' => NULL,
    'timeout' => NULL,
    'retryUntil' => NULL,
    'data' => 
    array (
      'commandName' => 'Illuminate\\Notifications\\SendQueuedNotifications',
      'command' => 'O:48:"Illuminate\\Notifications\\SendQueuedNotifications":16:{s:11:"notifiables";O:45:"Illuminate\\Contracts\\Database\\ModelIdentifier":4:{s:5:"class";s:15:"App\\Models\\User";s:2:"id";a:1:{i:0;i:1;}s:9:"relations";a:0:{}s:10:"connection";s:5:"mysql";}s:12:"notification";O:37:"App\\Notifications\\Customer\\Registered":12:{s:8:"customer";O:45:"Illuminate\\Contracts\\Database\\ModelIdentifier":4:{s:5:"class";s:19:"App\\Models\\Customer";s:2:"id";i:250;s:9:"relations";a:0:{}s:10:"connection";s:5:"mysql";}s:2:"id";s:36:"b735666f-f374-46b0-9d86-37f80771181b";s:6:"locale";N;s:10:"connection";N;s:5:"queue";N;s:15:"chainConnection";N;s:10:"chainQueue";N;s:19:"chainCatchCallbacks";N;s:5:"delay";N;s:11:"afterCommit";N;s:10:"middleware";a:0:{}s:7:"chained";a:0:{}}s:8:"channels";a:1:{i:0;s:4:"mail";}s:5:"tries";N;s:7:"timeout";N;s:17:"shouldBeEncrypted";b:0;s:3:"job";N;s:10:"connection";N;s:5:"queue";N;s:15:"chainConnection";N;s:10:"chainQueue";N;s:19:"chainCatchCallbacks";N;s:5:"delay";N;s:11:"afterCommit";N;s:10:"middleware";a:0:{}s:7:"chained";a:0:{}}',
    ),
  ),
)  
[2023-05-22 14:18:27] local.INFO: ......................... Job Processed Successfully .............................  
[2023-05-22 14:18:27] local.INFO: ............. Job Processing:: App\Notifications\Customer\Registered .................  
[2023-05-22 14:18:27] local.INFO: array (
  'payload' => 
  array (
    'uuid' => '5632f514-9103-42f5-83ab-0ff5703d9d15',
    'displayName' => 'App\\Notifications\\Customer\\Registered',
    'job' => 'Illuminate\\Queue\\CallQueuedHandler@call',
    'maxTries' => NULL,
    'maxExceptions' => NULL,
    'failOnTimeout' => false,
    'backoff' => NULL,
    'timeout' => NULL,
    'retryUntil' => NULL,
    'data' => 
    array (
      'commandName' => 'Illuminate\\Notifications\\SendQueuedNotifications',
      'command' => 'O:48:"Illuminate\\Notifications\\SendQueuedNotifications":16:{s:11:"notifiables";O:45:"Illuminate\\Contracts\\Database\\ModelIdentifier":4:{s:5:"class";s:15:"App\\Models\\User";s:2:"id";a:1:{i:0;i:1;}s:9:"relations";a:0:{}s:10:"connection";s:5:"mysql";}s:12:"notification";O:37:"App\\Notifications\\Customer\\Registered":12:{s:8:"customer";O:45:"Illuminate\\Contracts\\Database\\ModelIdentifier":4:{s:5:"class";s:19:"App\\Models\\Customer";s:2:"id";i:250;s:9:"relations";a:0:{}s:10:"connection";s:5:"mysql";}s:2:"id";s:36:"b735666f-f374-46b0-9d86-37f80771181b";s:6:"locale";N;s:10:"connection";N;s:5:"queue";N;s:15:"chainConnection";N;s:10:"chainQueue";N;s:19:"chainCatchCallbacks";N;s:5:"delay";N;s:11:"afterCommit";N;s:10:"middleware";a:0:{}s:7:"chained";a:0:{}}s:8:"channels";a:1:{i:0;s:8:"database";}s:5:"tries";N;s:7:"timeout";N;s:17:"shouldBeEncrypted";b:0;s:3:"job";N;s:10:"connection";N;s:5:"queue";N;s:15:"chainConnection";N;s:10:"chainQueue";N;s:19:"chainCatchCallbacks";N;s:5:"delay";N;s:11:"afterCommit";N;s:10:"middleware";a:0:{}s:7:"chained";a:0:{}}',
    ),
  ),
)  
[2023-05-22 14:18:27] local.INFO: ......................... Job Processed Successfully .............................  
[2023-05-22 14:18:27] local.INFO: ............. Job Processing:: App\Notifications\Customer\Registered .................  
[2023-05-22 14:18:27] local.INFO: array (
  'payload' => 
  array (
    'uuid' => '87a5a375-934d-4ad6-97bf-580702ce10bc',
    'displayName' => 'App\\Notifications\\Customer\\Registered',
    'job' => 'Illuminate\\Queue\\CallQueuedHandler@call',
    'maxTries' => NULL,
    'maxExceptions' => NULL,
    'failOnTimeout' => false,
    'backoff' => NULL,
    'timeout' => NULL,
    'retryUntil' => NULL,
    'data' => 
    array (
      'commandName' => 'Illuminate\\Notifications\\SendQueuedNotifications',
      'command' => 'O:48:"Illuminate\\Notifications\\SendQueuedNotifications":16:{s:11:"notifiables";O:45:"Illuminate\\Contracts\\Database\\ModelIdentifier":4:{s:5:"class";s:15:"App\\Models\\User";s:2:"id";a:1:{i:0;i:2;}s:9:"relations";a:0:{}s:10:"connection";s:5:"mysql";}s:12:"notification";O:37:"App\\Notifications\\Customer\\Registered":12:{s:8:"customer";O:45:"Illuminate\\Contracts\\Database\\ModelIdentifier":4:{s:5:"class";s:19:"App\\Models\\Customer";s:2:"id";i:250;s:9:"relations";a:0:{}s:10:"connection";s:5:"mysql";}s:2:"id";s:36:"1240eec2-8002-41c0-b3d6-46a7f856a3ac";s:6:"locale";N;s:10:"connection";N;s:5:"queue";N;s:15:"chainConnection";N;s:10:"chainQueue";N;s:19:"chainCatchCallbacks";N;s:5:"delay";N;s:11:"afterCommit";N;s:10:"middleware";a:0:{}s:7:"chained";a:0:{}}s:8:"channels";a:1:{i:0;s:4:"mail";}s:5:"tries";N;s:7:"timeout";N;s:17:"shouldBeEncrypted";b:0;s:3:"job";N;s:10:"connection";N;s:5:"queue";N;s:15:"chainConnection";N;s:10:"chainQueue";N;s:19:"chainCatchCallbacks";N;s:5:"delay";N;s:11:"afterCommit";N;s:10:"middleware";a:0:{}s:7:"chained";a:0:{}}',
    ),
  ),
)  
[2023-05-22 14:18:27] local.INFO: ......................... Job Processed Successfully .............................  
[2023-05-22 14:18:27] local.INFO: ............. Job Processing:: App\Notifications\Customer\Registered .................  
[2023-05-22 14:18:27] local.INFO: array (
  'payload' => 
  array (
    'uuid' => 'ba76838e-1c7c-4440-94e9-cd8853fd5cee',
    'displayName' => 'App\\Notifications\\Customer\\Registered',
    'job' => 'Illuminate\\Queue\\CallQueuedHandler@call',
    'maxTries' => NULL,
    'maxExceptions' => NULL,
    'failOnTimeout' => false,
    'backoff' => NULL,
    'timeout' => NULL,
    'retryUntil' => NULL,
    'data' => 
    array (
      'commandName' => 'Illuminate\\Notifications\\SendQueuedNotifications',
      'command' => 'O:48:"Illuminate\\Notifications\\SendQueuedNotifications":16:{s:11:"notifiables";O:45:"Illuminate\\Contracts\\Database\\ModelIdentifier":4:{s:5:"class";s:15:"App\\Models\\User";s:2:"id";a:1:{i:0;i:2;}s:9:"relations";a:0:{}s:10:"connection";s:5:"mysql";}s:12:"notification";O:37:"App\\Notifications\\Customer\\Registered":12:{s:8:"customer";O:45:"Illuminate\\Contracts\\Database\\ModelIdentifier":4:{s:5:"class";s:19:"App\\Models\\Customer";s:2:"id";i:250;s:9:"relations";a:0:{}s:10:"connection";s:5:"mysql";}s:2:"id";s:36:"1240eec2-8002-41c0-b3d6-46a7f856a3ac";s:6:"locale";N;s:10:"connection";N;s:5:"queue";N;s:15:"chainConnection";N;s:10:"chainQueue";N;s:19:"chainCatchCallbacks";N;s:5:"delay";N;s:11:"afterCommit";N;s:10:"middleware";a:0:{}s:7:"chained";a:0:{}}s:8:"channels";a:1:{i:0;s:8:"database";}s:5:"tries";N;s:7:"timeout";N;s:17:"shouldBeEncrypted";b:0;s:3:"job";N;s:10:"connection";N;s:5:"queue";N;s:15:"chainConnection";N;s:10:"chainQueue";N;s:19:"chainCatchCallbacks";N;s:5:"delay";N;s:11:"afterCommit";N;s:10:"middleware";a:0:{}s:7:"chained";a:0:{}}',
    ),
  ),
)  
[2023-05-22 14:18:27] local.INFO: ......................... Job Processed Successfully .............................  
[2023-05-22 14:18:27] local.INFO: ............. Job Processing:: App\Notifications\Customer\Registered .................  
[2023-05-22 14:18:27] local.INFO: array (
  'payload' => 
  array (
    'uuid' => 'f6d2365d-d4ae-4e22-9a5d-6f379fe33a98',
    'displayName' => 'App\\Notifications\\Customer\\Registered',
    'job' => 'Illuminate\\Queue\\CallQueuedHandler@call',
    'maxTries' => NULL,
    'maxExceptions' => NULL,
    'failOnTimeout' => false,
    'backoff' => NULL,
    'timeout' => NULL,
    'retryUntil' => NULL,
    'data' => 
    array (
      'commandName' => 'Illuminate\\Notifications\\SendQueuedNotifications',
      'command' => 'O:48:"Illuminate\\Notifications\\SendQueuedNotifications":16:{s:11:"notifiables";O:45:"Illuminate\\Contracts\\Database\\ModelIdentifier":4:{s:5:"class";s:15:"App\\Models\\User";s:2:"id";a:1:{i:0;i:3;}s:9:"relations";a:0:{}s:10:"connection";s:5:"mysql";}s:12:"notification";O:37:"App\\Notifications\\Customer\\Registered":12:{s:8:"customer";O:45:"Illuminate\\Contracts\\Database\\ModelIdentifier":4:{s:5:"class";s:19:"App\\Models\\Customer";s:2:"id";i:250;s:9:"relations";a:0:{}s:10:"connection";s:5:"mysql";}s:2:"id";s:36:"5a43ecde-0b22-44be-81ba-3c8ddc1761b6";s:6:"locale";N;s:10:"connection";N;s:5:"queue";N;s:15:"chainConnection";N;s:10:"chainQueue";N;s:19:"chainCatchCallbacks";N;s:5:"delay";N;s:11:"afterCommit";N;s:10:"middleware";a:0:{}s:7:"chained";a:0:{}}s:8:"channels";a:1:{i:0;s:4:"mail";}s:5:"tries";N;s:7:"timeout";N;s:17:"shouldBeEncrypted";b:0;s:3:"job";N;s:10:"connection";N;s:5:"queue";N;s:15:"chainConnection";N;s:10:"chainQueue";N;s:19:"chainCatchCallbacks";N;s:5:"delay";N;s:11:"afterCommit";N;s:10:"middleware";a:0:{}s:7:"chained";a:0:{}}',
    ),
  ),
)  
[2023-05-22 14:18:27] local.INFO: ......................... Job Processed Successfully .............................  
[2023-05-22 14:18:27] local.INFO: ............. Job Processing:: App\Notifications\Customer\Registered .................  
[2023-05-22 14:18:27] local.INFO: array (
  'payload' => 
  array (
    'uuid' => '61272aa5-240c-4ba2-9527-d7f198576871',
    'displayName' => 'App\\Notifications\\Customer\\Registered',
    'job' => 'Illuminate\\Queue\\CallQueuedHandler@call',
    'maxTries' => NULL,
    'maxExceptions' => NULL,
    'failOnTimeout' => false,
    'backoff' => NULL,
    'timeout' => NULL,
    'retryUntil' => NULL,
    'data' => 
    array (
      'commandName' => 'Illuminate\\Notifications\\SendQueuedNotifications',
      'command' => 'O:48:"Illuminate\\Notifications\\SendQueuedNotifications":16:{s:11:"notifiables";O:45:"Illuminate\\Contracts\\Database\\ModelIdentifier":4:{s:5:"class";s:15:"App\\Models\\User";s:2:"id";a:1:{i:0;i:3;}s:9:"relations";a:0:{}s:10:"connection";s:5:"mysql";}s:12:"notification";O:37:"App\\Notifications\\Customer\\Registered":12:{s:8:"customer";O:45:"Illuminate\\Contracts\\Database\\ModelIdentifier":4:{s:5:"class";s:19:"App\\Models\\Customer";s:2:"id";i:250;s:9:"relations";a:0:{}s:10:"connection";s:5:"mysql";}s:2:"id";s:36:"5a43ecde-0b22-44be-81ba-3c8ddc1761b6";s:6:"locale";N;s:10:"connection";N;s:5:"queue";N;s:15:"chainConnection";N;s:10:"chainQueue";N;s:19:"chainCatchCallbacks";N;s:5:"delay";N;s:11:"afterCommit";N;s:10:"middleware";a:0:{}s:7:"chained";a:0:{}}s:8:"channels";a:1:{i:0;s:8:"database";}s:5:"tries";N;s:7:"timeout";N;s:17:"shouldBeEncrypted";b:0;s:3:"job";N;s:10:"connection";N;s:5:"queue";N;s:15:"chainConnection";N;s:10:"chainQueue";N;s:19:"chainCatchCallbacks";N;s:5:"delay";N;s:11:"afterCommit";N;s:10:"middleware";a:0:{}s:7:"chained";a:0:{}}',
    ),
  ),
)  
[2023-05-22 14:18:27] local.INFO: ......................... Job Processed Successfully .............................  
[2023-05-22 14:18:27] local.INFO: ............. Job Processing:: App\Notifications\Customer\Registered .................  
[2023-05-22 14:18:27] local.INFO: array (
  'payload' => 
  array (
    'uuid' => '0ee551df-9c8a-41d3-b811-e1677bb3119a',
    'displayName' => 'App\\Notifications\\Customer\\Registered',
    'job' => 'Illuminate\\Queue\\CallQueuedHandler@call',
    'maxTries' => NULL,
    'maxExceptions' => NULL,
    'failOnTimeout' => false,
    'backoff' => NULL,
    'timeout' => NULL,
    'retryUntil' => NULL,
    'data' => 
    array (
      'commandName' => 'Illuminate\\Notifications\\SendQueuedNotifications',
      'command' => 'O:48:"Illuminate\\Notifications\\SendQueuedNotifications":16:{s:11:"notifiables";O:45:"Illuminate\\Contracts\\Database\\ModelIdentifier":4:{s:5:"class";s:15:"App\\Models\\User";s:2:"id";a:1:{i:0;i:4;}s:9:"relations";a:0:{}s:10:"connection";s:5:"mysql";}s:12:"notification";O:37:"App\\Notifications\\Customer\\Registered":12:{s:8:"customer";O:45:"Illuminate\\Contracts\\Database\\ModelIdentifier":4:{s:5:"class";s:19:"App\\Models\\Customer";s:2:"id";i:250;s:9:"relations";a:0:{}s:10:"connection";s:5:"mysql";}s:2:"id";s:36:"593af82b-4066-4933-b27e-9ec3f0ca9e04";s:6:"locale";N;s:10:"connection";N;s:5:"queue";N;s:15:"chainConnection";N;s:10:"chainQueue";N;s:19:"chainCatchCallbacks";N;s:5:"delay";N;s:11:"afterCommit";N;s:10:"middleware";a:0:{}s:7:"chained";a:0:{}}s:8:"channels";a:1:{i:0;s:4:"mail";}s:5:"tries";N;s:7:"timeout";N;s:17:"shouldBeEncrypted";b:0;s:3:"job";N;s:10:"connection";N;s:5:"queue";N;s:15:"chainConnection";N;s:10:"chainQueue";N;s:19:"chainCatchCallbacks";N;s:5:"delay";N;s:11:"afterCommit";N;s:10:"middleware";a:0:{}s:7:"chained";a:0:{}}',
    ),
  ),
)  
[2023-05-22 14:18:27] local.INFO: ......................... Job Processed Successfully .............................  
[2023-05-22 14:18:27] local.INFO: ............. Job Processing:: App\Notifications\Customer\Registered .................  
[2023-05-22 14:18:27] local.INFO: array (
  'payload' => 
  array (
    'uuid' => '0f862981-f3b5-45b0-ae7b-78123446f4b0',
    'displayName' => 'App\\Notifications\\Customer\\Registered',
    'job' => 'Illuminate\\Queue\\CallQueuedHandler@call',
    'maxTries' => NULL,
    'maxExceptions' => NULL,
    'failOnTimeout' => false,
    'backoff' => NULL,
    'timeout' => NULL,
    'retryUntil' => NULL,
    'data' => 
    array (
      'commandName' => 'Illuminate\\Notifications\\SendQueuedNotifications',
      'command' => 'O:48:"Illuminate\\Notifications\\SendQueuedNotifications":16:{s:11:"notifiables";O:45:"Illuminate\\Contracts\\Database\\ModelIdentifier":4:{s:5:"class";s:15:"App\\Models\\User";s:2:"id";a:1:{i:0;i:4;}s:9:"relations";a:0:{}s:10:"connection";s:5:"mysql";}s:12:"notification";O:37:"App\\Notifications\\Customer\\Registered":12:{s:8:"customer";O:45:"Illuminate\\Contracts\\Database\\ModelIdentifier":4:{s:5:"class";s:19:"App\\Models\\Customer";s:2:"id";i:250;s:9:"relations";a:0:{}s:10:"connection";s:5:"mysql";}s:2:"id";s:36:"593af82b-4066-4933-b27e-9ec3f0ca9e04";s:6:"locale";N;s:10:"connection";N;s:5:"queue";N;s:15:"chainConnection";N;s:10:"chainQueue";N;s:19:"chainCatchCallbacks";N;s:5:"delay";N;s:11:"afterCommit";N;s:10:"middleware";a:0:{}s:7:"chained";a:0:{}}s:8:"channels";a:1:{i:0;s:8:"database";}s:5:"tries";N;s:7:"timeout";N;s:17:"shouldBeEncrypted";b:0;s:3:"job";N;s:10:"connection";N;s:5:"queue";N;s:15:"chainConnection";N;s:10:"chainQueue";N;s:19:"chainCatchCallbacks";N;s:5:"delay";N;s:11:"afterCommit";N;s:10:"middleware";a:0:{}s:7:"chained";a:0:{}}',
    ),
  ),
)  
[2023-05-22 14:18:27] local.INFO: ......................... Job Processed Successfully .............................  
[2023-05-22 14:18:27] local.INFO: ............. Job Processing:: App\Notifications\Customer\Registered .................  
[2023-05-22 14:18:27] local.INFO: array (
  'payload' => 
  array (
    'uuid' => 'a415cd09-583c-48a2-ae4f-25af5d891a95',
    'displayName' => 'App\\Notifications\\Customer\\Registered',
    'job' => 'Illuminate\\Queue\\CallQueuedHandler@call',
    'maxTries' => NULL,
    'maxExceptions' => NULL,
    'failOnTimeout' => false,
    'backoff' => NULL,
    'timeout' => NULL,
    'retryUntil' => NULL,
    'data' => 
    array (
      'commandName' => 'Illuminate\\Notifications\\SendQueuedNotifications',
      'command' => 'O:48:"Illuminate\\Notifications\\SendQueuedNotifications":16:{s:11:"notifiables";O:45:"Illuminate\\Contracts\\Database\\ModelIdentifier":4:{s:5:"class";s:15:"App\\Models\\User";s:2:"id";a:1:{i:0;i:10;}s:9:"relations";a:0:{}s:10:"connection";s:5:"mysql";}s:12:"notification";O:37:"App\\Notifications\\Customer\\Registered":12:{s:8:"customer";O:45:"Illuminate\\Contracts\\Database\\ModelIdentifier":4:{s:5:"class";s:19:"App\\Models\\Customer";s:2:"id";i:250;s:9:"relations";a:0:{}s:10:"connection";s:5:"mysql";}s:2:"id";s:36:"6b541e9c-a00c-483c-b484-7520fd38ef38";s:6:"locale";N;s:10:"connection";N;s:5:"queue";N;s:15:"chainConnection";N;s:10:"chainQueue";N;s:19:"chainCatchCallbacks";N;s:5:"delay";N;s:11:"afterCommit";N;s:10:"middleware";a:0:{}s:7:"chained";a:0:{}}s:8:"channels";a:1:{i:0;s:4:"mail";}s:5:"tries";N;s:7:"timeout";N;s:17:"shouldBeEncrypted";b:0;s:3:"job";N;s:10:"connection";N;s:5:"queue";N;s:15:"chainConnection";N;s:10:"chainQueue";N;s:19:"chainCatchCallbacks";N;s:5:"delay";N;s:11:"afterCommit";N;s:10:"middleware";a:0:{}s:7:"chained";a:0:{}}',
    ),
  ),
)  
[2023-05-22 14:18:27] local.INFO: ......................... Job Processed Successfully .............................  
[2023-05-22 14:18:27] local.INFO: ............. Job Processing:: App\Notifications\Customer\Registered .................  
[2023-05-22 14:18:27] local.INFO: array (
  'payload' => 
  array (
    'uuid' => 'ab31c80d-dd1d-4ff8-9a1c-769020af5706',
    'displayName' => 'App\\Notifications\\Customer\\Registered',
    'job' => 'Illuminate\\Queue\\CallQueuedHandler@call',
    'maxTries' => NULL,
    'maxExceptions' => NULL,
    'failOnTimeout' => false,
    'backoff' => NULL,
    'timeout' => NULL,
    'retryUntil' => NULL,
    'data' => 
    array (
      'commandName' => 'Illuminate\\Notifications\\SendQueuedNotifications',
      'command' => 'O:48:"Illuminate\\Notifications\\SendQueuedNotifications":16:{s:11:"notifiables";O:45:"Illuminate\\Contracts\\Database\\ModelIdentifier":4:{s:5:"class";s:15:"App\\Models\\User";s:2:"id";a:1:{i:0;i:10;}s:9:"relations";a:0:{}s:10:"connection";s:5:"mysql";}s:12:"notification";O:37:"App\\Notifications\\Customer\\Registered":12:{s:8:"customer";O:45:"Illuminate\\Contracts\\Database\\ModelIdentifier":4:{s:5:"class";s:19:"App\\Models\\Customer";s:2:"id";i:250;s:9:"relations";a:0:{}s:10:"connection";s:5:"mysql";}s:2:"id";s:36:"6b541e9c-a00c-483c-b484-7520fd38ef38";s:6:"locale";N;s:10:"connection";N;s:5:"queue";N;s:15:"chainConnection";N;s:10:"chainQueue";N;s:19:"chainCatchCallbacks";N;s:5:"delay";N;s:11:"afterCommit";N;s:10:"middleware";a:0:{}s:7:"chained";a:0:{}}s:8:"channels";a:1:{i:0;s:8:"database";}s:5:"tries";N;s:7:"timeout";N;s:17:"shouldBeEncrypted";b:0;s:3:"job";N;s:10:"connection";N;s:5:"queue";N;s:15:"chainConnection";N;s:10:"chainQueue";N;s:19:"chainCatchCallbacks";N;s:5:"delay";N;s:11:"afterCommit";N;s:10:"middleware";a:0:{}s:7:"chained";a:0:{}}',
    ),
  ),
)  
[2023-05-22 14:18:27] local.INFO: ......................... Job Processed Successfully .............................  
[2023-05-22 14:18:27] local.INFO: ............. Job Processing:: App\Notifications\Customer\Registered .................  
[2023-05-22 14:18:27] local.INFO: array (
  'payload' => 
  array (
    'uuid' => '3c47586c-d0de-4f68-88b4-a8b1390ae81c',
    'displayName' => 'App\\Notifications\\Customer\\Registered',
    'job' => 'Illuminate\\Queue\\CallQueuedHandler@call',
    'maxTries' => NULL,
    'maxExceptions' => NULL,
    'failOnTimeout' => false,
    'backoff' => NULL,
    'timeout' => NULL,
    'retryUntil' => NULL,
    'data' => 
    array (
      'commandName' => 'Illuminate\\Notifications\\SendQueuedNotifications',
      'command' => 'O:48:"Illuminate\\Notifications\\SendQueuedNotifications":16:{s:11:"notifiables";O:45:"Illuminate\\Contracts\\Database\\ModelIdentifier":4:{s:5:"class";s:15:"App\\Models\\User";s:2:"id";a:1:{i:0;i:11;}s:9:"relations";a:0:{}s:10:"connection";s:5:"mysql";}s:12:"notification";O:37:"App\\Notifications\\Customer\\Registered":12:{s:8:"customer";O:45:"Illuminate\\Contracts\\Database\\ModelIdentifier":4:{s:5:"class";s:19:"App\\Models\\Customer";s:2:"id";i:250;s:9:"relations";a:0:{}s:10:"connection";s:5:"mysql";}s:2:"id";s:36:"8460a4c7-320c-4e5b-b9a9-76cef2cfce27";s:6:"locale";N;s:10:"connection";N;s:5:"queue";N;s:15:"chainConnection";N;s:10:"chainQueue";N;s:19:"chainCatchCallbacks";N;s:5:"delay";N;s:11:"afterCommit";N;s:10:"middleware";a:0:{}s:7:"chained";a:0:{}}s:8:"channels";a:1:{i:0;s:4:"mail";}s:5:"tries";N;s:7:"timeout";N;s:17:"shouldBeEncrypted";b:0;s:3:"job";N;s:10:"connection";N;s:5:"queue";N;s:15:"chainConnection";N;s:10:"chainQueue";N;s:19:"chainCatchCallbacks";N;s:5:"delay";N;s:11:"afterCommit";N;s:10:"middleware";a:0:{}s:7:"chained";a:0:{}}',
    ),
  ),
)  
[2023-05-22 14:18:27] local.INFO: ......................... Job Processed Successfully .............................  
[2023-05-22 14:18:27] local.INFO: ............. Job Processing:: App\Notifications\Customer\Registered .................  
[2023-05-22 14:18:27] local.INFO: array (
  'payload' => 
  array (
    'uuid' => 'b2a2430b-e46f-418e-bb09-672ea2c77142',
    'displayName' => 'App\\Notifications\\Customer\\Registered',
    'job' => 'Illuminate\\Queue\\CallQueuedHandler@call',
    'maxTries' => NULL,
    'maxExceptions' => NULL,
    'failOnTimeout' => false,
    'backoff' => NULL,
    'timeout' => NULL,
    'retryUntil' => NULL,
    'data' => 
    array (
      'commandName' => 'Illuminate\\Notifications\\SendQueuedNotifications',
      'command' => 'O:48:"Illuminate\\Notifications\\SendQueuedNotifications":16:{s:11:"notifiables";O:45:"Illuminate\\Contracts\\Database\\ModelIdentifier":4:{s:5:"class";s:15:"App\\Models\\User";s:2:"id";a:1:{i:0;i:11;}s:9:"relations";a:0:{}s:10:"connection";s:5:"mysql";}s:12:"notification";O:37:"App\\Notifications\\Customer\\Registered":12:{s:8:"customer";O:45:"Illuminate\\Contracts\\Database\\ModelIdentifier":4:{s:5:"class";s:19:"App\\Models\\Customer";s:2:"id";i:250;s:9:"relations";a:0:{}s:10:"connection";s:5:"mysql";}s:2:"id";s:36:"8460a4c7-320c-4e5b-b9a9-76cef2cfce27";s:6:"locale";N;s:10:"connection";N;s:5:"queue";N;s:15:"chainConnection";N;s:10:"chainQueue";N;s:19:"chainCatchCallbacks";N;s:5:"delay";N;s:11:"afterCommit";N;s:10:"middleware";a:0:{}s:7:"chained";a:0:{}}s:8:"channels";a:1:{i:0;s:8:"database";}s:5:"tries";N;s:7:"timeout";N;s:17:"shouldBeEncrypted";b:0;s:3:"job";N;s:10:"connection";N;s:5:"queue";N;s:15:"chainConnection";N;s:10:"chainQueue";N;s:19:"chainCatchCallbacks";N;s:5:"delay";N;s:11:"afterCommit";N;s:10:"middleware";a:0:{}s:7:"chained";a:0:{}}',
    ),
  ),
)  
[2023-05-22 14:18:28] local.INFO: ......................... Job Processed Successfully .............................  
[2023-05-22 14:18:28] local.INFO: ............. Job Processing:: App\Listeners\Customer\SendWelcomeEmail .................  
[2023-05-22 14:18:28] local.INFO: array (
  'payload' => 
  array (
    'uuid' => '984286bd-f44d-4e74-ad89-4d397a8191ea',
    'displayName' => 'App\\Listeners\\Customer\\SendWelcomeEmail',
    'job' => 'Illuminate\\Queue\\CallQueuedHandler@call',
    'maxTries' => 5,
    'maxExceptions' => NULL,
    'failOnTimeout' => false,
    'backoff' => NULL,
    'timeout' => NULL,
    'retryUntil' => NULL,
    'data' => 
    array (
      'commandName' => 'Illuminate\\Events\\CallQueuedListener',
      'command' => 'O:36:"Illuminate\\Events\\CallQueuedListener":19:{s:5:"class";s:39:"App\\Listeners\\Customer\\SendWelcomeEmail";s:6:"method";s:6:"handle";s:4:"data";a:1:{i:0;O:30:"App\\Events\\Customer\\Registered":1:{s:8:"customer";O:45:"Illuminate\\Contracts\\Database\\ModelIdentifier":4:{s:5:"class";s:19:"App\\Models\\Customer";s:2:"id";i:250;s:9:"relations";a:0:{}s:10:"connection";s:5:"mysql";}}}s:5:"tries";i:5;s:13:"maxExceptions";N;s:7:"backoff";N;s:10:"retryUntil";N;s:7:"timeout";N;s:17:"shouldBeEncrypted";b:0;s:3:"job";N;s:10:"connection";N;s:5:"queue";N;s:15:"chainConnection";N;s:10:"chainQueue";N;s:19:"chainCatchCallbacks";N;s:5:"delay";N;s:11:"afterCommit";N;s:10:"middleware";a:0:{}s:7:"chained";a:0:{}}',
    ),
  ),
)  
[2023-05-22 14:18:28] local.INFO: ............. Job Processing:: App\Notifications\Customer\Registered .................  
[2023-05-22 14:18:28] local.INFO: array (
  'payload' => 
  array (
    'uuid' => '0d9bd593-b223-418e-b4e5-ea0d06140530',
    'displayName' => 'App\\Notifications\\Customer\\Registered',
    'job' => 'Illuminate\\Queue\\CallQueuedHandler@call',
    'maxTries' => NULL,
    'maxExceptions' => NULL,
    'failOnTimeout' => false,
    'backoff' => NULL,
    'timeout' => NULL,
    'retryUntil' => NULL,
    'data' => 
    array (
      'commandName' => 'Illuminate\\Notifications\\SendQueuedNotifications',
      'command' => 'O:48:"Illuminate\\Notifications\\SendQueuedNotifications":16:{s:11:"notifiables";O:45:"Illuminate\\Contracts\\Database\\ModelIdentifier":4:{s:5:"class";s:19:"App\\Models\\Customer";s:2:"id";a:1:{i:0;i:250;}s:9:"relations";a:0:{}s:10:"connection";s:5:"mysql";}s:12:"notification";O:37:"App\\Notifications\\Customer\\Registered":12:{s:8:"customer";O:45:"Illuminate\\Contracts\\Database\\ModelIdentifier":4:{s:5:"class";s:19:"App\\Models\\Customer";s:2:"id";i:250;s:9:"relations";a:0:{}s:10:"connection";s:5:"mysql";}s:2:"id";s:36:"817df852-c381-4418-a6f3-cc1626743a1b";s:6:"locale";N;s:10:"connection";N;s:5:"queue";N;s:15:"chainConnection";N;s:10:"chainQueue";N;s:19:"chainCatchCallbacks";N;s:5:"delay";N;s:11:"afterCommit";N;s:10:"middleware";a:0:{}s:7:"chained";a:0:{}}s:8:"channels";a:1:{i:0;s:4:"mail";}s:5:"tries";N;s:7:"timeout";N;s:17:"shouldBeEncrypted";b:0;s:3:"job";N;s:10:"connection";N;s:5:"queue";N;s:15:"chainConnection";N;s:10:"chainQueue";N;s:19:"chainCatchCallbacks";N;s:5:"delay";N;s:11:"afterCommit";N;s:10:"middleware";a:0:{}s:7:"chained";a:0:{}}',
    ),
  ),
)  
[2023-05-22 14:18:28] local.INFO: ......................... Job Processed Successfully .............................  
[2023-05-22 14:18:28] local.INFO: ............. Job Processing:: App\Notifications\Customer\Registered .................  
[2023-05-22 14:18:28] local.INFO: array (
  'payload' => 
  array (
    'uuid' => 'e99b233c-13fd-428f-9295-9ee79d27b4c6',
    'displayName' => 'App\\Notifications\\Customer\\Registered',
    'job' => 'Illuminate\\Queue\\CallQueuedHandler@call',
    'maxTries' => NULL,
    'maxExceptions' => NULL,
    'failOnTimeout' => false,
    'backoff' => NULL,
    'timeout' => NULL,
    'retryUntil' => NULL,
    'data' => 
    array (
      'commandName' => 'Illuminate\\Notifications\\SendQueuedNotifications',
      'command' => 'O:48:"Illuminate\\Notifications\\SendQueuedNotifications":16:{s:11:"notifiables";O:45:"Illuminate\\Contracts\\Database\\ModelIdentifier":4:{s:5:"class";s:19:"App\\Models\\Customer";s:2:"id";a:1:{i:0;i:250;}s:9:"relations";a:0:{}s:10:"connection";s:5:"mysql";}s:12:"notification";O:37:"App\\Notifications\\Customer\\Registered":12:{s:8:"customer";O:45:"Illuminate\\Contracts\\Database\\ModelIdentifier":4:{s:5:"class";s:19:"App\\Models\\Customer";s:2:"id";i:250;s:9:"relations";a:0:{}s:10:"connection";s:5:"mysql";}s:2:"id";s:36:"817df852-c381-4418-a6f3-cc1626743a1b";s:6:"locale";N;s:10:"connection";N;s:5:"queue";N;s:15:"chainConnection";N;s:10:"chainQueue";N;s:19:"chainCatchCallbacks";N;s:5:"delay";N;s:11:"afterCommit";N;s:10:"middleware";a:0:{}s:7:"chained";a:0:{}}s:8:"channels";a:1:{i:0;s:8:"database";}s:5:"tries";N;s:7:"timeout";N;s:17:"shouldBeEncrypted";b:0;s:3:"job";N;s:10:"connection";N;s:5:"queue";N;s:15:"chainConnection";N;s:10:"chainQueue";N;s:19:"chainCatchCallbacks";N;s:5:"delay";N;s:11:"afterCommit";N;s:10:"middleware";a:0:{}s:7:"chained";a:0:{}}',
    ),
  ),
)  
[2023-05-22 14:18:28] local.INFO: ......................... Job Processed Successfully .............................  
[2023-05-22 14:18:28] local.INFO: ......................... Job Processed Successfully .............................  
[2023-05-22 14:18:28] local.INFO: ............. Job Processing:: App\Listeners\Customer\RegisterNewsletter .................  
[2023-05-22 14:18:28] local.INFO: array (
  'payload' => 
  array (
    'uuid' => 'd2bf6a77-ec67-4125-8a16-049558ac1d2a',
    'displayName' => 'App\\Listeners\\Customer\\RegisterNewsletter',
    'job' => 'Illuminate\\Queue\\CallQueuedHandler@call',
    'maxTries' => 5,
    'maxExceptions' => NULL,
    'failOnTimeout' => false,
    'backoff' => NULL,
    'timeout' => NULL,
    'retryUntil' => NULL,
    'data' => 
    array (
      'commandName' => 'Illuminate\\Events\\CallQueuedListener',
      'command' => 'O:36:"Illuminate\\Events\\CallQueuedListener":19:{s:5:"class";s:41:"App\\Listeners\\Customer\\RegisterNewsletter";s:6:"method";s:6:"handle";s:4:"data";a:1:{i:0;O:30:"App\\Events\\Customer\\Registered":1:{s:8:"customer";O:45:"Illuminate\\Contracts\\Database\\ModelIdentifier":4:{s:5:"class";s:19:"App\\Models\\Customer";s:2:"id";i:250;s:9:"relations";a:0:{}s:10:"connection";s:5:"mysql";}}}s:5:"tries";i:5;s:13:"maxExceptions";N;s:7:"backoff";N;s:10:"retryUntil";N;s:7:"timeout";N;s:17:"shouldBeEncrypted";b:0;s:3:"job";N;s:10:"connection";N;s:5:"queue";N;s:15:"chainConnection";N;s:10:"chainQueue";N;s:19:"chainCatchCallbacks";N;s:5:"delay";N;s:11:"afterCommit";N;s:10:"middleware";a:0:{}s:7:"chained";a:0:{}}',
    ),
  ),
)  
[2023-05-22 14:18:28] local.INFO: ......................... Job Processed Successfully .............................  
[2023-05-22 14:22:43] local.INFO: ............. Job Processing:: App\Notifications\Booking\BookingNotification .................  
[2023-05-22 14:22:43] local.INFO: array (
  'payload' => 
  array (
    'uuid' => 'f280250a-c185-4176-827b-180cf6e1911d',
    'displayName' => 'App\\Notifications\\Booking\\BookingNotification',
    'job' => 'Illuminate\\Queue\\CallQueuedHandler@call',
    'maxTries' => NULL,
    'maxExceptions' => NULL,
    'failOnTimeout' => false,
    'backoff' => NULL,
    'timeout' => NULL,
    'retryUntil' => NULL,
    'data' => 
    array (
      'commandName' => 'Illuminate\\Notifications\\SendQueuedNotifications',
      'command' => 'O:48:"Illuminate\\Notifications\\SendQueuedNotifications":16:{s:11:"notifiables";O:45:"Illuminate\\Contracts\\Database\\ModelIdentifier":4:{s:5:"class";s:15:"App\\Models\\User";s:2:"id";a:1:{i:0;i:3;}s:9:"relations";a:0:{}s:10:"connection";s:5:"mysql";}s:12:"notification";O:45:"App\\Notifications\\Booking\\BookingNotification":12:{s:11:"records_obj";O:45:"Illuminate\\Contracts\\Database\\ModelIdentifier":4:{s:5:"class";s:43:"App\\Models\\StylistClientBookingAppointments";s:2:"id";i:4;s:9:"relations";a:0:{}s:10:"connection";s:5:"mysql";}s:2:"id";s:36:"635e7f83-460a-49f7-8fa7-fd1693a58b65";s:6:"locale";N;s:10:"connection";N;s:5:"queue";N;s:15:"chainConnection";N;s:10:"chainQueue";N;s:19:"chainCatchCallbacks";N;s:5:"delay";N;s:11:"afterCommit";N;s:10:"middleware";a:0:{}s:7:"chained";a:0:{}}s:8:"channels";a:1:{i:0;s:4:"mail";}s:5:"tries";N;s:7:"timeout";N;s:17:"shouldBeEncrypted";b:0;s:3:"job";N;s:10:"connection";N;s:5:"queue";N;s:15:"chainConnection";N;s:10:"chainQueue";N;s:19:"chainCatchCallbacks";N;s:5:"delay";N;s:11:"afterCommit";N;s:10:"middleware";a:0:{}s:7:"chained";a:0:{}}',
    ),
  ),
)  
[2023-05-22 14:22:43] local.INFO: ......................... Job Processed Successfully .............................  
[2023-05-22 14:22:43] local.INFO: ............. Job Processing:: App\Notifications\Booking\BookingNotification .................  
[2023-05-22 14:22:43] local.INFO: array (
  'payload' => 
  array (
    'uuid' => 'd1b5698d-eb22-46ba-9136-2234b55868dc',
    'displayName' => 'App\\Notifications\\Booking\\BookingNotification',
    'job' => 'Illuminate\\Queue\\CallQueuedHandler@call',
    'maxTries' => NULL,
    'maxExceptions' => NULL,
    'failOnTimeout' => false,
    'backoff' => NULL,
    'timeout' => NULL,
    'retryUntil' => NULL,
    'data' => 
    array (
      'commandName' => 'Illuminate\\Notifications\\SendQueuedNotifications',
      'command' => 'O:48:"Illuminate\\Notifications\\SendQueuedNotifications":16:{s:11:"notifiables";O:45:"Illuminate\\Contracts\\Database\\ModelIdentifier":4:{s:5:"class";s:15:"App\\Models\\User";s:2:"id";a:1:{i:0;i:3;}s:9:"relations";a:0:{}s:10:"connection";s:5:"mysql";}s:12:"notification";O:45:"App\\Notifications\\Booking\\BookingNotification":12:{s:11:"records_obj";O:45:"Illuminate\\Contracts\\Database\\ModelIdentifier":4:{s:5:"class";s:43:"App\\Models\\StylistClientBookingAppointments";s:2:"id";i:4;s:9:"relations";a:0:{}s:10:"connection";s:5:"mysql";}s:2:"id";s:36:"635e7f83-460a-49f7-8fa7-fd1693a58b65";s:6:"locale";N;s:10:"connection";N;s:5:"queue";N;s:15:"chainConnection";N;s:10:"chainQueue";N;s:19:"chainCatchCallbacks";N;s:5:"delay";N;s:11:"afterCommit";N;s:10:"middleware";a:0:{}s:7:"chained";a:0:{}}s:8:"channels";a:1:{i:0;s:8:"database";}s:5:"tries";N;s:7:"timeout";N;s:17:"shouldBeEncrypted";b:0;s:3:"job";N;s:10:"connection";N;s:5:"queue";N;s:15:"chainConnection";N;s:10:"chainQueue";N;s:19:"chainCatchCallbacks";N;s:5:"delay";N;s:11:"afterCommit";N;s:10:"middleware";a:0:{}s:7:"chained";a:0:{}}',
    ),
  ),
)  
[2023-05-22 14:22:43] local.INFO: ......................... Job Processed Successfully .............................  
